# JRE version: Java(TM) SE Runtime Environment (7.0_60-b19) (build 1.7.0_60-b19)
# Java VM: Java HotSpot(TM) 64-Bit Server VM (24.60-b09 mixed mode windows-amd64 compressed oops)
Heap
 PSYoungGen      total 34304K, used 12702K [0x00000000eb800000, 0x00000000edc00000, 0x0000000100000000)
  eden space 31744K, 31% used [0x00000000eb800000,0x00000000ec1e7868,0x00000000ed700000)
  from space 2560K, 100% used [0x00000000ed700000,0x00000000ed980000,0x00000000ed980000)
  to   space 2560K, 0% used [0x00000000ed980000,0x00000000ed980000,0x00000000edc00000)
 ParOldGen       total 41984K, used 7640K [0x00000000c2800000, 0x00000000c5100000, 0x00000000eb800000)
  object space 41984K, 18% used [0x00000000c2800000,0x00000000c2f762d8,0x00000000c5100000)
 PSPermGen       total 21504K, used 14027K [0x00000000bd600000, 0x00000000beb00000, 0x00000000c2800000)
  object space 21504K, 65% used [0x00000000bd600000,0x00000000be3b2e90,0x00000000beb00000)
GC Heap History (10 events):
Event: 0.803 GC heap before
{Heap before GC invocations=1 (full 0):
 PSYoungGen      total 18432K, used 15872K [0x00000000eb800000, 0x00000000ecc80000, 0x0000000100000000)
  eden space 15872K, 100% used [0x00000000eb800000,0x00000000ec780000,0x00000000ec780000)
  from space 2560K, 0% used [0x00000000eca00000,0x00000000eca00000,0x00000000ecc80000)
  to   space 2560K, 0% used [0x00000000ec780000,0x00000000ec780000,0x00000000eca00000)
 ParOldGen       total 41984K, used 0K [0x00000000c2800000, 0x00000000c5100000, 0x00000000eb800000)
  object space 41984K, 0% used [0x00000000c2800000,0x00000000c2800000,0x00000000c5100000)
 PSPermGen       total 21504K, used 6968K [0x00000000bd600000, 0x00000000beb00000, 0x00000000c2800000)
  object space 21504K, 32% used [0x00000000bd600000,0x00000000bdcce068,0x00000000beb00000)
Event: 0.807 GC heap after
Heap after GC invocations=1 (full 0):
 PSYoungGen      total 18432K, used 2545K [0x00000000eb800000, 0x00000000ecc80000, 0x0000000100000000)
  eden space 15872K, 0% used [0x00000000eb800000,0x00000000eb800000,0x00000000ec780000)
  from space 2560K, 99% used [0x00000000ec780000,0x00000000ec9fc698,0x00000000eca00000)
  to   space 2560K, 0% used [0x00000000eca00000,0x00000000eca00000,0x00000000ecc80000)
 ParOldGen       total 41984K, used 681K [0x00000000c2800000, 0x00000000c5100000, 0x00000000eb800000)
  object space 41984K, 1% used [0x00000000c2800000,0x00000000c28aa690,0x00000000c5100000)
 PSPermGen       total 21504K, used 6968K [0x00000000bd600000, 0x00000000beb00000, 0x00000000c2800000)
  object space 21504K, 32% used [0x00000000bd600000,0x00000000bdcce068,0x00000000beb00000)
}
Event: 0.940 GC heap before
{Heap before GC invocations=2 (full 0):
 PSYoungGen      total 18432K, used 18417K [0x00000000eb800000, 0x00000000ecc80000, 0x0000000100000000)
  eden space 15872K, 100% used [0x00000000eb800000,0x00000000ec780000,0x00000000ec780000)
  from space 2560K, 99% used [0x00000000ec780000,0x00000000ec9fc698,0x00000000eca00000)
  to   space 2560K, 0% used [0x00000000eca00000,0x00000000eca00000,0x00000000ecc80000)
 ParOldGen       total 41984K, used 681K [0x00000000c2800000, 0x00000000c5100000, 0x00000000eb800000)
  object space 41984K, 1% used [0x00000000c2800000,0x00000000c28aa690,0x00000000c5100000)
 PSPermGen       total 21504K, used 7644K [0x00000000bd600000, 0x00000000beb00000, 0x00000000c2800000)
  object space 21504K, 35% used [0x00000000bd600000,0x00000000bdd77278,0x00000000beb00000)
Event: 0.943 GC heap after
Heap after GC invocations=2 (full 0):
 PSYoungGen      total 18432K, used 2512K [0x00000000eb800000, 0x00000000edc00000, 0x0000000100000000)
  eden space 15872K, 0% used [0x00000000eb800000,0x00000000eb800000,0x00000000ec780000)
  from space 2560K, 98% used [0x00000000eca00000,0x00000000ecc74168,0x00000000ecc80000)
  to   space 2560K, 0% used [0x00000000ec780000,0x00000000ec780000,0x00000000eca00000)
 ParOldGen       total 41984K, used 689K [0x00000000c2800000, 0x00000000c5100000, 0x00000000eb800000)
  object space 41984K, 1% used [0x00000000c2800000,0x00000000c28ac690,0x00000000c5100000)
 PSPermGen       total 21504K, used 7644K [0x00000000bd600000, 0x00000000beb00000, 0x00000000c2800000)
  object space 21504K, 35% used [0x00000000bd600000,0x00000000bdd77278,0x00000000beb00000)
}
Event: 1.171 GC heap before
{Heap before GC invocations=3 (full 0):
 PSYoungGen      total 18432K, used 18384K [0x00000000eb800000, 0x00000000edc00000, 0x0000000100000000)
  eden space 15872K, 100% used [0x00000000eb800000,0x00000000ec780000,0x00000000ec780000)
  from space 2560K, 98% used [0x00000000eca00000,0x00000000ecc74168,0x00000000ecc80000)
  to   space 2560K, 0% used [0x00000000ec780000,0x00000000ec780000,0x00000000eca00000)
 ParOldGen       total 41984K, used 689K [0x00000000c2800000, 0x00000000c5100000, 0x00000000eb800000)
  object space 41984K, 1% used [0x00000000c2800000,0x00000000c28ac690,0x00000000c5100000)
 PSPermGen       total 21504K, used 10006K [0x00000000bd600000, 0x00000000beb00000, 0x00000000c2800000)
  object space 21504K, 46% used [0x00000000bd600000,0x00000000bdfc5be8,0x00000000beb00000)
Event: 1.176 GC heap after
Heap after GC invocations=3 (full 0):
 PSYoungGen      total 18432K, used 2544K [0x00000000eb800000, 0x00000000edc00000, 0x0000000100000000)
  eden space 15872K, 0% used [0x00000000eb800000,0x00000000eb800000,0x00000000ec780000)
  from space 2560K, 99% used [0x00000000ec780000,0x00000000ec9fc2f0,0x00000000eca00000)
  to   space 2560K, 0% used [0x00000000ed980000,0x00000000ed980000,0x00000000edc00000)
 ParOldGen       total 41984K, used 2439K [0x00000000c2800000, 0x00000000c5100000, 0x00000000eb800000)
  object space 41984K, 5% used [0x00000000c2800000,0x00000000c2a61fa0,0x00000000c5100000)
 PSPermGen       total 21504K, used 10006K [0x00000000bd600000, 0x00000000beb00000, 0x00000000c2800000)
  object space 21504K, 46% used [0x00000000bd600000,0x00000000bdfc5be8,0x00000000beb00000)
}
Event: 1.405 GC heap before
{Heap before GC invocations=4 (full 0):
 PSYoungGen      total 18432K, used 18416K [0x00000000eb800000, 0x00000000edc00000, 0x0000000100000000)
  eden space 15872K, 100% used [0x00000000eb800000,0x00000000ec780000,0x00000000ec780000)
  from space 2560K, 99% used [0x00000000ec780000,0x00000000ec9fc2f0,0x00000000eca00000)
  to   space 2560K, 0% used [0x00000000ed980000,0x00000000ed980000,0x00000000edc00000)
 ParOldGen       total 41984K, used 2439K [0x00000000c2800000, 0x00000000c5100000, 0x00000000eb800000)
  object space 41984K, 5% used [0x00000000c2800000,0x00000000c2a61fa0,0x00000000c5100000)
 PSPermGen       total 21504K, used 11931K [0x00000000bd600000, 0x00000000beb00000, 0x00000000c2800000)
  object space 21504K, 55% used [0x00000000bd600000,0x00000000be1a6f00,0x00000000beb00000)
Event: 1.410 GC heap after
Heap after GC invocations=4 (full 0):
 PSYoungGen      total 34304K, used 2544K [0x00000000eb800000, 0x00000000edc00000, 0x0000000100000000)
  eden space 31744K, 0% used [0x00000000eb800000,0x00000000eb800000,0x00000000ed700000)
  from space 2560K, 99% used [0x00000000ed980000,0x00000000edbfc010,0x00000000edc00000)
  to   space 2560K, 0% used [0x00000000ed700000,0x00000000ed700000,0x00000000ed980000)
 ParOldGen       total 41984K, used 4405K [0x00000000c2800000, 0x00000000c5100000, 0x00000000eb800000)
  object space 41984K, 10% used [0x00000000c2800000,0x00000000c2c4d6b0,0x00000000c5100000)
 PSPermGen       total 21504K, used 11931K [0x00000000bd600000, 0x00000000beb00000, 0x00000000c2800000)
  object space 21504K, 55% used [0x00000000bd600000,0x00000000be1a6f00,0x00000000beb00000)
}
Event: 2.486 GC heap before
{Heap before GC invocations=5 (full 0):
 PSYoungGen      total 34304K, used 34288K [0x00000000eb800000, 0x00000000edc00000, 0x0000000100000000)
  eden space 31744K, 100% used [0x00000000eb800000,0x00000000ed700000,0x00000000ed700000)
  from space 2560K, 99% used [0x00000000ed980000,0x00000000edbfc010,0x00000000edc00000)
  to   space 2560K, 0% used [0x00000000ed700000,0x00000000ed700000,0x00000000ed980000)
 ParOldGen       total 41984K, used 4405K [0x00000000c2800000, 0x00000000c5100000, 0x00000000eb800000)
  object space 41984K, 10% used [0x00000000c2800000,0x00000000c2c4d6b0,0x00000000c5100000)
 PSPermGen       total 21504K, used 13569K [0x00000000bd600000, 0x00000000beb00000, 0x00000000c2800000)
  object space 21504K, 63% used [0x00000000bd600000,0x00000000be340450,0x00000000beb00000)
Event: 2.492 GC heap after
Heap after GC invocations=5 (full 0):
 PSYoungGen      total 34304K, used 2560K [0x00000000eb800000, 0x00000000edc00000, 0x0000000100000000)
  eden space 31744K, 0% used [0x00000000eb800000,0x00000000eb800000,0x00000000ed700000)
  from space 2560K, 100% used [0x00000000ed700000,0x00000000ed980000,0x00000000ed980000)
  to   space 2560K, 0% used [0x00000000ed980000,0x00000000ed980000,0x00000000edc00000)
 ParOldGen       total 41984K, used 7640K [0x00000000c2800000, 0x00000000c5100000, 0x00000000eb800000)
  object space 41984K, 18% used [0x00000000c2800000,0x00000000c2f762d8,0x00000000c5100000)
 PSPermGen       total 21504K, used 13569K [0x00000000bd600000, 0x00000000beb00000, 0x00000000c2800000)
  object space 21504K, 63% used [0x00000000bd600000,0x00000000be340450,0x00000000beb00000)
}

